2018-10-13 00:25:33,040 INFO (StartupInfoLogger.java:50)- Starting DemoApplication on DiegoMacBook.lan with PID 3381 (/Users/huanglu/git_work/spring_jpa/target/classes started by huanglu in /Users/huanglu/git_work/spring_jpa)
2018-10-13 00:25:33,041 DEBUG (StartupInfoLogger.java:53)- Running with Spring Boot v2.0.5.RELEASE, Spring v5.0.9.RELEASE
2018-10-13 00:25:33,042 INFO (SpringApplication.java:680)- No active profile set, falling back to default profiles: default
2018-10-13 00:25:34,955 INFO (StartupInfoLogger.java:59)- Started DemoApplication in 1.983 seconds (JVM running for 77.351)
2018-10-13 00:25:46,488 ERROR (GlobalExceptionHandler.java:38)- GlobalExceptionHandler,捕获异常:/ by zero;eString:java.lang.ArithmeticException: / by zero
	at com.bdmc.myjpa.controller.JPAController.find(JPAController.java:51)
	at sun.reflect.NativeMethodAccessorImpl.invoke0(Native Method)
	at sun.reflect.NativeMethodAccessorImpl.invoke(NativeMethodAccessorImpl.java:62)
	at sun.reflect.DelegatingMethodAccessorImpl.invoke(DelegatingMethodAccessorImpl.java:43)
	at java.lang.reflect.Method.invoke(Method.java:498)
	at org.springframework.web.method.support.InvocableHandlerMethod.doInvoke(InvocableHandlerMethod.java:209)
	at org.springframework.web.method.support.InvocableHandlerMethod.invokeForRequest(InvocableHandlerMethod.java:136)
	at org.springframework.web.servlet.mvc.method.annotation.ServletInvocableHandlerMethod.invokeAndHandle(ServletInvocableHandlerMethod.java:102)
	at org.springframework.web.servlet.mvc.method.annotation.RequestMappingHandlerAdapter.invokeHandlerMethod(RequestMappingHandlerAdapter.java:891)
	at org.springframework.web.servlet.mvc.method.annotation.RequestMappingHandlerAdapter.handleInternal(RequestMappingHandlerAdapter.java:797)
	at org.springframework.web.servlet.mvc.method.AbstractHandlerMethodAdapter.handle(AbstractHandlerMethodAdapter.java:87)
	at org.springframework.web.servlet.DispatcherServlet.doDispatch(DispatcherServlet.java:991)
	at org.springframework.web.servlet.DispatcherServlet.doService(DispatcherServlet.java:925)
	at org.springframework.web.servlet.FrameworkServlet.processRequest(FrameworkServlet.java:974)
	at org.springframework.web.servlet.FrameworkServlet.doGet(FrameworkServlet.java:866)
	at javax.servlet.http.HttpServlet.service(HttpServlet.java:635)
	at org.springframework.web.servlet.FrameworkServlet.service(FrameworkServlet.java:851)
	at javax.servlet.http.HttpServlet.service(HttpServlet.java:742)
	at org.apache.catalina.core.ApplicationFilterChain.internalDoFilter(ApplicationFilterChain.java:231)
	at org.apache.catalina.core.ApplicationFilterChain.doFilter(ApplicationFilterChain.java:166)
	at org.apache.tomcat.websocket.server.WsFilter.doFilter(WsFilter.java:52)
	at org.apache.catalina.core.ApplicationFilterChain.internalDoFilter(ApplicationFilterChain.java:193)
	at org.apache.catalina.core.ApplicationFilterChain.doFilter(ApplicationFilterChain.java:166)
	at org.springframework.web.filter.RequestContextFilter.doFilterInternal(RequestContextFilter.java:99)
	at org.springframework.web.filter.OncePerRequestFilter.doFilter(OncePerRequestFilter.java:107)
	at org.apache.catalina.core.ApplicationFilterChain.internalDoFilter(ApplicationFilterChain.java:193)
	at org.apache.catalina.core.ApplicationFilterChain.doFilter(ApplicationFilterChain.java:166)
	at org.springframework.web.filter.HttpPutFormContentFilter.doFilterInternal(HttpPutFormContentFilter.java:109)
	at org.springframework.web.filter.OncePerRequestFilter.doFilter(OncePerRequestFilter.java:107)
	at org.apache.catalina.core.ApplicationFilterChain.internalDoFilter(ApplicationFilterChain.java:193)
	at org.apache.catalina.core.ApplicationFilterChain.doFilter(ApplicationFilterChain.java:166)
	at org.springframework.web.filter.HiddenHttpMethodFilter.doFilterInternal(HiddenHttpMethodFilter.java:93)
	at org.springframework.web.filter.OncePerRequestFilter.doFilter(OncePerRequestFilter.java:107)
	at org.apache.catalina.core.ApplicationFilterChain.internalDoFilter(ApplicationFilterChain.java:193)
	at org.apache.catalina.core.ApplicationFilterChain.doFilter(ApplicationFilterChain.java:166)
	at org.springframework.web.filter.CharacterEncodingFilter.doFilterInternal(CharacterEncodingFilter.java:200)
	at org.springframework.web.filter.OncePerRequestFilter.doFilter(OncePerRequestFilter.java:107)
	at org.apache.catalina.core.ApplicationFilterChain.internalDoFilter(ApplicationFilterChain.java:193)
	at org.apache.catalina.core.ApplicationFilterChain.doFilter(ApplicationFilterChain.java:166)
	at org.apache.catalina.core.StandardWrapperValve.invoke(StandardWrapperValve.java:198)
	at org.apache.catalina.core.StandardContextValve.invoke(StandardContextValve.java:96)
	at org.apache.catalina.authenticator.AuthenticatorBase.invoke(AuthenticatorBase.java:493)
	at org.apache.catalina.core.StandardHostValve.invoke(StandardHostValve.java:140)
	at org.apache.catalina.valves.ErrorReportValve.invoke(ErrorReportValve.java:81)
	at org.apache.catalina.core.StandardEngineValve.invoke(StandardEngineValve.java:87)
	at org.apache.catalina.connector.CoyoteAdapter.service(CoyoteAdapter.java:342)
	at org.apache.coyote.http11.Http11Processor.service(Http11Processor.java:800)
	at org.apache.coyote.AbstractProcessorLight.process(AbstractProcessorLight.java:66)
	at org.apache.coyote.AbstractProtocol$ConnectionHandler.process(AbstractProtocol.java:806)
	at org.apache.tomcat.util.net.NioEndpoint$SocketProcessor.doRun(NioEndpoint.java:1498)
	at org.apache.tomcat.util.net.SocketProcessorBase.run(SocketProcessorBase.java:49)
	at java.util.concurrent.ThreadPoolExecutor.runWorker(ThreadPoolExecutor.java:1149)
	at java.util.concurrent.ThreadPoolExecutor$Worker.run(ThreadPoolExecutor.java:624)
	at org.apache.tomcat.util.threads.TaskThread$WrappingRunnable.run(TaskThread.java:61)
	at java.lang.Thread.run(Thread.java:748)

2018-10-13 00:38:54,037 INFO (StartupInfoLogger.java:50)- Starting DemoApplication on DiegoMacBook.lan with PID 3601 (/Users/huanglu/git_work/spring_jpa/target/classes started by huanglu in /Users/huanglu/git_work/spring_jpa)
2018-10-13 00:38:54,040 DEBUG (StartupInfoLogger.java:53)- Running with Spring Boot v2.0.5.RELEASE, Spring v5.0.9.RELEASE
2018-10-13 00:38:54,043 INFO (SpringApplication.java:680)- No active profile set, falling back to default profiles: default
2018-10-13 00:39:04,643 INFO (StartupInfoLogger.java:59)- Started DemoApplication in 11.358 seconds (JVM running for 12.268)
2018-10-13 00:40:56,187 INFO (StartupInfoLogger.java:50)- Starting DemoApplication on DiegoMacBook.lan with PID 3601 (/Users/huanglu/git_work/spring_jpa/target/classes started by huanglu in /Users/huanglu/git_work/spring_jpa)
2018-10-13 00:40:56,188 DEBUG (StartupInfoLogger.java:53)- Running with Spring Boot v2.0.5.RELEASE, Spring v5.0.9.RELEASE
2018-10-13 00:40:56,189 INFO (SpringApplication.java:680)- No active profile set, falling back to default profiles: default
2018-10-13 00:40:58,093 INFO (StartupInfoLogger.java:59)- Started DemoApplication in 1.986 seconds (JVM running for 125.714)
2018-10-13 00:41:45,370 INFO (StartupInfoLogger.java:50)- Starting DemoApplication on DiegoMacBook.lan with PID 3601 (/Users/huanglu/git_work/spring_jpa/target/classes started by huanglu in /Users/huanglu/git_work/spring_jpa)
2018-10-13 00:41:45,371 DEBUG (StartupInfoLogger.java:53)- Running with Spring Boot v2.0.5.RELEASE, Spring v5.0.9.RELEASE
2018-10-13 00:41:45,371 INFO (SpringApplication.java:680)- No active profile set, falling back to default profiles: default
2018-10-13 00:41:47,126 INFO (StartupInfoLogger.java:59)- Started DemoApplication in 1.805 seconds (JVM running for 174.746)
2018-10-13 00:46:04,948 INFO (StartupInfoLogger.java:50)- Starting DemoApplication on DiegoMacBook.lan with PID 3601 (/Users/huanglu/git_work/spring_jpa/target/classes started by huanglu in /Users/huanglu/git_work/spring_jpa)
2018-10-13 00:46:04,951 DEBUG (StartupInfoLogger.java:53)- Running with Spring Boot v2.0.5.RELEASE, Spring v5.0.9.RELEASE
2018-10-13 00:46:04,953 INFO (SpringApplication.java:680)- No active profile set, falling back to default profiles: default
2018-10-13 00:46:06,959 INFO (StartupInfoLogger.java:59)- Started DemoApplication in 2.084 seconds (JVM running for 434.571)
2018-10-13 00:53:51,927 INFO (StartupInfoLogger.java:50)- Starting DemoApplication on DiegoMacBook.lan with PID 3601 (/Users/huanglu/git_work/spring_jpa/target/classes started by huanglu in /Users/huanglu/git_work/spring_jpa)
2018-10-13 00:53:51,928 DEBUG (StartupInfoLogger.java:53)- Running with Spring Boot v2.0.5.RELEASE, Spring v5.0.9.RELEASE
2018-10-13 00:53:51,934 INFO (SpringApplication.java:680)- No active profile set, falling back to default profiles: default
2018-10-13 00:53:53,776 INFO (StartupInfoLogger.java:59)- Started DemoApplication in 31.911 seconds (JVM running for 901.388)
